{"C:\\Users\\andrechw\\OneDrive - hutchison3hk\\Documents\\jira-action-items-chatbot\\extension\\background.js": {"path":"C:\\Users\\andrechw\\OneDrive - hutchison3hk\\Documents\\jira-action-items-chatbot\\extension\\background.js","statementMap":{"0":{"start":{"line":7,"column":21},"end":{"line":7,"column":44}},"1":{"start":{"line":10,"column":16},"end":{"line":10,"column":20}},"2":{"start":{"line":13,"column":28},"end":{"line":13,"column":29}},"3":{"start":{"line":14,"column":36},"end":{"line":14,"column":49}},"4":{"start":{"line":15,"column":24},"end":{"line":15,"column":26}},"5":{"start":{"line":16,"column":24},"end":{"line":16,"column":29}},"6":{"start":{"line":17,"column":28},"end":{"line":17,"column":32}},"7":{"start":{"line":20,"column":0},"end":{"line":36,"column":3}},"8":{"start":{"line":21,"column":2},"end":{"line":21,"column":63}},"9":{"start":{"line":24,"column":2},"end":{"line":29,"column":5}},"10":{"start":{"line":32,"column":2},"end":{"line":32,"column":24}},"11":{"start":{"line":35,"column":2},"end":{"line":35,"column":23}},"12":{"start":{"line":39,"column":0},"end":{"line":42,"column":3}},"13":{"start":{"line":40,"column":2},"end":{"line":40,"column":24}},"14":{"start":{"line":41,"column":2},"end":{"line":41,"column":23}},"15":{"start":{"line":45,"column":0},"end":{"line":128,"column":3}},"16":{"start":{"line":46,"column":2},"end":{"line":51,"column":3}},"17":{"start":{"line":47,"column":4},"end":{"line":49,"column":78}},"18":{"start":{"line":48,"column":24},"end":{"line":48,"column":71}},"19":{"start":{"line":49,"column":22},"end":{"line":49,"column":76}},"20":{"start":{"line":50,"column":4},"end":{"line":50,"column":16}},"21":{"start":{"line":53,"column":2},"end":{"line":57,"column":3}},"22":{"start":{"line":54,"column":4},"end":{"line":54,"column":70}},"23":{"start":{"line":55,"column":4},"end":{"line":55,"column":36}},"24":{"start":{"line":56,"column":4},"end":{"line":56,"column":16}},"25":{"start":{"line":59,"column":2},"end":{"line":64,"column":3}},"26":{"start":{"line":60,"column":4},"end":{"line":62,"column":78}},"27":{"start":{"line":61,"column":22},"end":{"line":61,"column":67}},"28":{"start":{"line":62,"column":22},"end":{"line":62,"column":76}},"29":{"start":{"line":63,"column":4},"end":{"line":63,"column":16}},"30":{"start":{"line":66,"column":2},"end":{"line":71,"column":3}},"31":{"start":{"line":67,"column":4},"end":{"line":69,"column":78}},"32":{"start":{"line":68,"column":22},"end":{"line":68,"column":67}},"33":{"start":{"line":69,"column":22},"end":{"line":69,"column":76}},"34":{"start":{"line":70,"column":4},"end":{"line":70,"column":16}},"35":{"start":{"line":73,"column":2},"end":{"line":78,"column":3}},"36":{"start":{"line":74,"column":4},"end":{"line":76,"column":78}},"37":{"start":{"line":75,"column":22},"end":{"line":75,"column":67}},"38":{"start":{"line":76,"column":22},"end":{"line":76,"column":76}},"39":{"start":{"line":77,"column":4},"end":{"line":77,"column":16}},"40":{"start":{"line":80,"column":2},"end":{"line":85,"column":3}},"41":{"start":{"line":81,"column":4},"end":{"line":83,"column":78}},"42":{"start":{"line":82,"column":22},"end":{"line":82,"column":67}},"43":{"start":{"line":83,"column":22},"end":{"line":83,"column":76}},"44":{"start":{"line":84,"column":4},"end":{"line":84,"column":16}},"45":{"start":{"line":87,"column":2},"end":{"line":92,"column":3}},"46":{"start":{"line":88,"column":4},"end":{"line":90,"column":78}},"47":{"start":{"line":89,"column":22},"end":{"line":89,"column":67}},"48":{"start":{"line":90,"column":22},"end":{"line":90,"column":76}},"49":{"start":{"line":91,"column":4},"end":{"line":91,"column":16}},"50":{"start":{"line":94,"column":2},"end":{"line":99,"column":3}},"51":{"start":{"line":95,"column":4},"end":{"line":97,"column":78}},"52":{"start":{"line":96,"column":22},"end":{"line":96,"column":67}},"53":{"start":{"line":97,"column":22},"end":{"line":97,"column":76}},"54":{"start":{"line":98,"column":4},"end":{"line":98,"column":16}},"55":{"start":{"line":101,"column":2},"end":{"line":109,"column":3}},"56":{"start":{"line":102,"column":4},"end":{"line":107,"column":46}},"57":{"start":{"line":107,"column":13},"end":{"line":107,"column":44}},"58":{"start":{"line":108,"column":4},"end":{"line":108,"column":16}},"59":{"start":{"line":111,"column":2},"end":{"line":120,"column":3}},"60":{"start":{"line":112,"column":4},"end":{"line":118,"column":46}},"61":{"start":{"line":118,"column":13},"end":{"line":118,"column":44}},"62":{"start":{"line":119,"column":4},"end":{"line":119,"column":16}},"63":{"start":{"line":122,"column":2},"end":{"line":127,"column":3}},"64":{"start":{"line":123,"column":4},"end":{"line":125,"column":7}},"65":{"start":{"line":124,"column":6},"end":{"line":124,"column":76}},"66":{"start":{"line":126,"column":4},"end":{"line":126,"column":16}},"67":{"start":{"line":132,"column":2},"end":{"line":132,"column":45}},"68":{"start":{"line":134,"column":2},"end":{"line":134,"column":19}},"69":{"start":{"line":138,"column":4},"end":{"line":140,"column":5}},"70":{"start":{"line":139,"column":6},"end":{"line":139,"column":42}},"71":{"start":{"line":142,"column":4},"end":{"line":146,"column":36}},"72":{"start":{"line":143,"column":6},"end":{"line":145,"column":9}},"73":{"start":{"line":144,"column":8},"end":{"line":144,"column":27}},"74":{"start":{"line":149,"column":2},"end":{"line":149,"column":21}},"75":{"start":{"line":154,"column":2},"end":{"line":200,"column":3}},"76":{"start":{"line":156,"column":23},"end":{"line":156,"column":46}},"77":{"start":{"line":157,"column":4},"end":{"line":160,"column":5}},"78":{"start":{"line":158,"column":6},"end":{"line":158,"column":64}},"79":{"start":{"line":159,"column":6},"end":{"line":159,"column":41}},"80":{"start":{"line":163,"column":37},"end":{"line":167,"column":6}},"81":{"start":{"line":164,"column":6},"end":{"line":166,"column":9}},"82":{"start":{"line":165,"column":8},"end":{"line":165,"column":24}},"83":{"start":{"line":169,"column":4},"end":{"line":172,"column":5}},"84":{"start":{"line":170,"column":6},"end":{"line":170,"column":69}},"85":{"start":{"line":171,"column":6},"end":{"line":171,"column":41}},"86":{"start":{"line":175,"column":4},"end":{"line":175,"column":45}},"87":{"start":{"line":176,"column":19},"end":{"line":176,"column":65}},"88":{"start":{"line":179,"column":4},"end":{"line":179,"column":39}},"89":{"start":{"line":182,"column":4},"end":{"line":194,"column":5}},"90":{"start":{"line":183,"column":6},"end":{"line":183,"column":64}},"91":{"start":{"line":186,"column":6},"end":{"line":186,"column":69}},"92":{"start":{"line":189,"column":6},"end":{"line":191,"column":7}},"93":{"start":{"line":190,"column":8},"end":{"line":190,"column":35}},"94":{"start":{"line":193,"column":6},"end":{"line":193,"column":40}},"95":{"start":{"line":196,"column":4},"end":{"line":196,"column":18}},"96":{"start":{"line":198,"column":4},"end":{"line":198,"column":55}},"97":{"start":{"line":199,"column":4},"end":{"line":199,"column":16}},"98":{"start":{"line":205,"column":2},"end":{"line":208,"column":3}},"99":{"start":{"line":206,"column":4},"end":{"line":206,"column":30}},"100":{"start":{"line":207,"column":4},"end":{"line":207,"column":11}},"101":{"start":{"line":210,"column":2},"end":{"line":210,"column":27}},"102":{"start":{"line":213,"column":19},"end":{"line":213,"column":44}},"103":{"start":{"line":216,"column":2},"end":{"line":216,"column":37}},"104":{"start":{"line":219,"column":2},"end":{"line":221,"column":11}},"105":{"start":{"line":220,"column":4},"end":{"line":220,"column":31}},"106":{"start":{"line":226,"column":25},"end":{"line":226,"column":65}},"107":{"start":{"line":228,"column":2},"end":{"line":230,"column":3}},"108":{"start":{"line":229,"column":4},"end":{"line":229,"column":26}},"109":{"start":{"line":233,"column":2},"end":{"line":235,"column":5}},"110":{"start":{"line":238,"column":2},"end":{"line":240,"column":3}},"111":{"start":{"line":239,"column":4},"end":{"line":239,"column":35}},"112":{"start":{"line":243,"column":2},"end":{"line":251,"column":5}},"113":{"start":{"line":249,"column":57},"end":{"line":249,"column":74}},"114":{"start":{"line":255,"column":0},"end":{"line":273,"column":3}},"115":{"start":{"line":257,"column":2},"end":{"line":272,"column":5}},"116":{"start":{"line":258,"column":4},"end":{"line":271,"column":5}},"117":{"start":{"line":259,"column":23},"end":{"line":259,"column":45}},"118":{"start":{"line":260,"column":21},"end":{"line":260,"column":50}},"119":{"start":{"line":263,"column":6},"end":{"line":270,"column":11}},"120":{"start":{"line":266,"column":10},"end":{"line":266,"column":54}},"121":{"start":{"line":269,"column":10},"end":{"line":269,"column":74}},"122":{"start":{"line":277,"column":2},"end":{"line":314,"column":3}},"123":{"start":{"line":278,"column":4},"end":{"line":278,"column":75}},"124":{"start":{"line":280,"column":4},"end":{"line":305,"column":5}},"125":{"start":{"line":283,"column":8},"end":{"line":283,"column":92}},"126":{"start":{"line":284,"column":8},"end":{"line":284,"column":14}},"127":{"start":{"line":288,"column":8},"end":{"line":291,"column":11}},"128":{"start":{"line":292,"column":8},"end":{"line":292,"column":14}},"129":{"start":{"line":296,"column":26},"end":{"line":296,"column":46}},"130":{"start":{"line":297,"column":24},"end":{"line":297,"column":53}},"131":{"start":{"line":298,"column":8},"end":{"line":298,"column":69}},"132":{"start":{"line":299,"column":8},"end":{"line":299,"column":14}},"133":{"start":{"line":303,"column":8},"end":{"line":303,"column":49}},"134":{"start":{"line":304,"column":8},"end":{"line":304,"column":41}},"135":{"start":{"line":308,"column":4},"end":{"line":308,"column":47}},"136":{"start":{"line":310,"column":4},"end":{"line":310,"column":37}},"137":{"start":{"line":312,"column":4},"end":{"line":312,"column":79}},"138":{"start":{"line":313,"column":4},"end":{"line":313,"column":16}},"139":{"start":{"line":319,"column":19},"end":{"line":319,"column":69}},"140":{"start":{"line":320,"column":2},"end":{"line":320,"column":50}},"141":{"start":{"line":321,"column":2},"end":{"line":321,"column":45}},"142":{"start":{"line":324,"column":2},"end":{"line":330,"column":5}},"143":{"start":{"line":335,"column":2},"end":{"line":403,"column":3}},"144":{"start":{"line":336,"column":4},"end":{"line":336,"column":77}},"145":{"start":{"line":339,"column":19},"end":{"line":342,"column":6}},"146":{"start":{"line":345,"column":19},"end":{"line":345,"column":45}},"147":{"start":{"line":348,"column":24},"end":{"line":348,"column":36}},"148":{"start":{"line":349,"column":26},"end":{"line":349,"column":28}},"149":{"start":{"line":351,"column":4},"end":{"line":380,"column":5}},"150":{"start":{"line":353,"column":8},"end":{"line":353,"column":41}},"151":{"start":{"line":354,"column":8},"end":{"line":354,"column":69}},"152":{"start":{"line":355,"column":8},"end":{"line":355,"column":14}},"153":{"start":{"line":358,"column":8},"end":{"line":358,"column":39}},"154":{"start":{"line":359,"column":8},"end":{"line":359,"column":93}},"155":{"start":{"line":360,"column":8},"end":{"line":360,"column":14}},"156":{"start":{"line":363,"column":8},"end":{"line":363,"column":40}},"157":{"start":{"line":364,"column":8},"end":{"line":364,"column":57}},"158":{"start":{"line":365,"column":8},"end":{"line":365,"column":14}},"159":{"start":{"line":368,"column":8},"end":{"line":368,"column":39}},"160":{"start":{"line":369,"column":8},"end":{"line":369,"column":60}},"161":{"start":{"line":372,"column":26},"end":{"line":372,"column":46}},"162":{"start":{"line":373,"column":24},"end":{"line":373,"column":53}},"163":{"start":{"line":374,"column":8},"end":{"line":374,"column":69}},"164":{"start":{"line":375,"column":8},"end":{"line":375,"column":14}},"165":{"start":{"line":378,"column":8},"end":{"line":378,"column":42}},"166":{"start":{"line":379,"column":8},"end":{"line":379,"column":79}},"167":{"start":{"line":383,"column":4},"end":{"line":388,"column":7}},"168":{"start":{"line":390,"column":4},"end":{"line":390,"column":18}},"169":{"start":{"line":392,"column":4},"end":{"line":392,"column":84}},"170":{"start":{"line":395,"column":4},"end":{"line":400,"column":7}},"171":{"start":{"line":402,"column":4},"end":{"line":402,"column":16}},"172":{"start":{"line":408,"column":2},"end":{"line":415,"column":5}},"173":{"start":{"line":413,"column":36},"end":{"line":413,"column":53}},"174":{"start":{"line":420,"column":20},"end":{"line":420,"column":40}},"175":{"start":{"line":421,"column":14},"end":{"line":421,"column":39}},"176":{"start":{"line":423,"column":18},"end":{"line":429,"column":3}},"177":{"start":{"line":431,"column":2},"end":{"line":433,"column":3}},"178":{"start":{"line":432,"column":4},"end":{"line":432,"column":40}},"179":{"start":{"line":435,"column":2},"end":{"line":452,"column":3}},"180":{"start":{"line":436,"column":21},"end":{"line":436,"column":46}},"181":{"start":{"line":437,"column":4},"end":{"line":447,"column":5}},"182":{"start":{"line":439,"column":6},"end":{"line":445,"column":7}},"183":{"start":{"line":440,"column":28},"end":{"line":440,"column":47}},"184":{"start":{"line":441,"column":8},"end":{"line":444,"column":9}},"185":{"start":{"line":443,"column":10},"end":{"line":443,"column":65}},"186":{"start":{"line":446,"column":6},"end":{"line":446,"column":90}},"187":{"start":{"line":448,"column":4},"end":{"line":448,"column":33}},"188":{"start":{"line":450,"column":4},"end":{"line":450,"column":48}},"189":{"start":{"line":451,"column":4},"end":{"line":451,"column":16}},"190":{"start":{"line":457,"column":2},"end":{"line":461,"column":5}},"191":{"start":{"line":458,"column":4},"end":{"line":460,"column":7}},"192":{"start":{"line":459,"column":6},"end":{"line":459,"column":48}},"193":{"start":{"line":468,"column":2},"end":{"line":485,"column":3}},"194":{"start":{"line":470,"column":4},"end":{"line":470,"column":60}},"195":{"start":{"line":473,"column":4},"end":{"line":473,"column":59}},"196":{"start":{"line":475,"column":22},"end":{"line":475,"column":42}},"197":{"start":{"line":476,"column":21},"end":{"line":476,"column":46}},"198":{"start":{"line":479,"column":4},"end":{"line":479,"column":42}},"199":{"start":{"line":481,"column":4},"end":{"line":481,"column":42}},"200":{"start":{"line":483,"column":4},"end":{"line":483,"column":54}},"201":{"start":{"line":484,"column":4},"end":{"line":484,"column":16}},"202":{"start":{"line":490,"column":2},"end":{"line":507,"column":3}},"203":{"start":{"line":491,"column":22},"end":{"line":491,"column":42}},"204":{"start":{"line":492,"column":22},"end":{"line":492,"column":48}},"205":{"start":{"line":495,"column":4},"end":{"line":498,"column":7}},"206":{"start":{"line":501,"column":4},"end":{"line":501,"column":57}},"207":{"start":{"line":503,"column":4},"end":{"line":503,"column":50}},"208":{"start":{"line":505,"column":4},"end":{"line":505,"column":46}},"209":{"start":{"line":506,"column":4},"end":{"line":506,"column":16}},"210":{"start":{"line":512,"column":2},"end":{"line":537,"column":3}},"211":{"start":{"line":513,"column":22},"end":{"line":513,"column":42}},"212":{"start":{"line":514,"column":22},"end":{"line":514,"column":48}},"213":{"start":{"line":517,"column":21},"end":{"line":520,"column":6}},"214":{"start":{"line":522,"column":4},"end":{"line":524,"column":5}},"215":{"start":{"line":523,"column":6},"end":{"line":523,"column":90}},"216":{"start":{"line":526,"column":19},"end":{"line":526,"column":40}},"217":{"start":{"line":529,"column":4},"end":{"line":529,"column":72}},"218":{"start":{"line":531,"column":4},"end":{"line":531,"column":18}},"219":{"start":{"line":533,"column":4},"end":{"line":533,"column":57}},"220":{"start":{"line":535,"column":4},"end":{"line":535,"column":57}},"221":{"start":{"line":536,"column":4},"end":{"line":536,"column":58}},"222":{"start":{"line":542,"column":2},"end":{"line":561,"column":3}},"223":{"start":{"line":543,"column":22},"end":{"line":543,"column":42}},"224":{"start":{"line":544,"column":23},"end":{"line":544,"column":56}},"225":{"start":{"line":547,"column":21},"end":{"line":550,"column":6}},"226":{"start":{"line":552,"column":4},"end":{"line":554,"column":5}},"227":{"start":{"line":553,"column":6},"end":{"line":553,"column":90}},"228":{"start":{"line":556,"column":19},"end":{"line":556,"column":40}},"229":{"start":{"line":557,"column":4},"end":{"line":557,"column":26}},"230":{"start":{"line":559,"column":4},"end":{"line":559,"column":58}},"231":{"start":{"line":560,"column":4},"end":{"line":560,"column":17}},"232":{"start":{"line":565,"column":0},"end":{"line":567,"column":3}},"233":{"start":{"line":566,"column":2},"end":{"line":566,"column":100}},"234":{"start":{"line":569,"column":0},"end":{"line":569,"column":22}},"235":{"start":{"line":573,"column":2},"end":{"line":587,"column":3}},"236":{"start":{"line":574,"column":4},"end":{"line":574,"column":46}},"237":{"start":{"line":575,"column":21},"end":{"line":575,"column":60}},"238":{"start":{"line":577,"column":4},"end":{"line":584,"column":5}},"239":{"start":{"line":579,"column":6},"end":{"line":581,"column":9}},"240":{"start":{"line":583,"column":6},"end":{"line":583,"column":64}},"241":{"start":{"line":586,"column":4},"end":{"line":586,"column":60}}},"fnMap":{"0":{"name":"(anonymous_0)","decl":{"start":{"line":20,"column":39},"end":{"line":20,"column":40}},"loc":{"start":{"line":20,"column":45},"end":{"line":36,"column":1}},"line":20},"1":{"name":"(anonymous_1)","decl":{"start":{"line":39,"column":37},"end":{"line":39,"column":38}},"loc":{"start":{"line":39,"column":43},"end":{"line":42,"column":1}},"line":39},"2":{"name":"(anonymous_2)","decl":{"start":{"line":45,"column":37},"end":{"line":45,"column":38}},"loc":{"start":{"line":45,"column":72},"end":{"line":128,"column":1}},"line":45},"3":{"name":"(anonymous_3)","decl":{"start":{"line":48,"column":12},"end":{"line":48,"column":13}},"loc":{"start":{"line":48,"column":24},"end":{"line":48,"column":71}},"line":48},"4":{"name":"(anonymous_4)","decl":{"start":{"line":49,"column":13},"end":{"line":49,"column":14}},"loc":{"start":{"line":49,"column":22},"end":{"line":49,"column":76}},"line":49},"5":{"name":"(anonymous_5)","decl":{"start":{"line":61,"column":12},"end":{"line":61,"column":13}},"loc":{"start":{"line":61,"column":22},"end":{"line":61,"column":67}},"line":61},"6":{"name":"(anonymous_6)","decl":{"start":{"line":62,"column":13},"end":{"line":62,"column":14}},"loc":{"start":{"line":62,"column":22},"end":{"line":62,"column":76}},"line":62},"7":{"name":"(anonymous_7)","decl":{"start":{"line":68,"column":12},"end":{"line":68,"column":13}},"loc":{"start":{"line":68,"column":22},"end":{"line":68,"column":67}},"line":68},"8":{"name":"(anonymous_8)","decl":{"start":{"line":69,"column":13},"end":{"line":69,"column":14}},"loc":{"start":{"line":69,"column":22},"end":{"line":69,"column":76}},"line":69},"9":{"name":"(anonymous_9)","decl":{"start":{"line":75,"column":12},"end":{"line":75,"column":13}},"loc":{"start":{"line":75,"column":22},"end":{"line":75,"column":67}},"line":75},"10":{"name":"(anonymous_10)","decl":{"start":{"line":76,"column":13},"end":{"line":76,"column":14}},"loc":{"start":{"line":76,"column":22},"end":{"line":76,"column":76}},"line":76},"11":{"name":"(anonymous_11)","decl":{"start":{"line":82,"column":12},"end":{"line":82,"column":13}},"loc":{"start":{"line":82,"column":22},"end":{"line":82,"column":67}},"line":82},"12":{"name":"(anonymous_12)","decl":{"start":{"line":83,"column":13},"end":{"line":83,"column":14}},"loc":{"start":{"line":83,"column":22},"end":{"line":83,"column":76}},"line":83},"13":{"name":"(anonymous_13)","decl":{"start":{"line":89,"column":12},"end":{"line":89,"column":13}},"loc":{"start":{"line":89,"column":22},"end":{"line":89,"column":67}},"line":89},"14":{"name":"(anonymous_14)","decl":{"start":{"line":90,"column":13},"end":{"line":90,"column":14}},"loc":{"start":{"line":90,"column":22},"end":{"line":90,"column":76}},"line":90},"15":{"name":"(anonymous_15)","decl":{"start":{"line":96,"column":12},"end":{"line":96,"column":13}},"loc":{"start":{"line":96,"column":22},"end":{"line":96,"column":67}},"line":96},"16":{"name":"(anonymous_16)","decl":{"start":{"line":97,"column":13},"end":{"line":97,"column":14}},"loc":{"start":{"line":97,"column":22},"end":{"line":97,"column":76}},"line":97},"17":{"name":"(anonymous_17)","decl":{"start":{"line":107,"column":7},"end":{"line":107,"column":8}},"loc":{"start":{"line":107,"column":13},"end":{"line":107,"column":44}},"line":107},"18":{"name":"(anonymous_18)","decl":{"start":{"line":118,"column":7},"end":{"line":118,"column":8}},"loc":{"start":{"line":118,"column":13},"end":{"line":118,"column":44}},"line":118},"19":{"name":"(anonymous_19)","decl":{"start":{"line":123,"column":48},"end":{"line":123,"column":49}},"loc":{"start":{"line":123,"column":60},"end":{"line":125,"column":5}},"line":123},"20":{"name":"startReminderChecks","decl":{"start":{"line":131,"column":9},"end":{"line":131,"column":28}},"loc":{"start":{"line":131,"column":31},"end":{"line":150,"column":1}},"line":131},"21":{"name":"schedulNextCheck","decl":{"start":{"line":137,"column":11},"end":{"line":137,"column":27}},"loc":{"start":{"line":137,"column":30},"end":{"line":147,"column":3}},"line":137},"22":{"name":"(anonymous_22)","decl":{"start":{"line":142,"column":39},"end":{"line":142,"column":40}},"loc":{"start":{"line":142,"column":45},"end":{"line":146,"column":5}},"line":142},"23":{"name":"(anonymous_23)","decl":{"start":{"line":143,"column":31},"end":{"line":143,"column":32}},"loc":{"start":{"line":143,"column":37},"end":{"line":145,"column":7}},"line":143},"24":{"name":"checkReminders","decl":{"start":{"line":153,"column":15},"end":{"line":153,"column":29}},"loc":{"start":{"line":153,"column":32},"end":{"line":201,"column":1}},"line":153},"25":{"name":"(anonymous_25)","decl":{"start":{"line":163,"column":55},"end":{"line":163,"column":56}},"loc":{"start":{"line":163,"column":66},"end":{"line":167,"column":5}},"line":163},"26":{"name":"(anonymous_26)","decl":{"start":{"line":164,"column":55},"end":{"line":164,"column":56}},"loc":{"start":{"line":164,"column":67},"end":{"line":166,"column":7}},"line":164},"27":{"name":"processNotificationQueue","decl":{"start":{"line":204,"column":15},"end":{"line":204,"column":39}},"loc":{"start":{"line":204,"column":42},"end":{"line":222,"column":1}},"line":204},"28":{"name":"(anonymous_28)","decl":{"start":{"line":219,"column":13},"end":{"line":219,"column":14}},"loc":{"start":{"line":219,"column":19},"end":{"line":221,"column":3}},"line":219},"29":{"name":"showReminderNotification","decl":{"start":{"line":225,"column":9},"end":{"line":225,"column":33}},"loc":{"start":{"line":225,"column":44},"end":{"line":252,"column":1}},"line":225},"30":{"name":"(anonymous_30)","decl":{"start":{"line":249,"column":46},"end":{"line":249,"column":47}},"loc":{"start":{"line":249,"column":57},"end":{"line":249,"column":74}},"line":249},"31":{"name":"(anonymous_31)","decl":{"start":{"line":255,"column":49},"end":{"line":255,"column":50}},"loc":{"start":{"line":255,"column":82},"end":{"line":273,"column":1}},"line":255},"32":{"name":"(anonymous_32)","decl":{"start":{"line":257,"column":43},"end":{"line":257,"column":44}},"loc":{"start":{"line":257,"column":55},"end":{"line":272,"column":3}},"line":257},"33":{"name":"(anonymous_33)","decl":{"start":{"line":264,"column":14},"end":{"line":264,"column":15}},"loc":{"start":{"line":264,"column":20},"end":{"line":267,"column":9}},"line":264},"34":{"name":"(anonymous_34)","decl":{"start":{"line":268,"column":15},"end":{"line":268,"column":16}},"loc":{"start":{"line":268,"column":24},"end":{"line":270,"column":9}},"line":268},"35":{"name":"handleNotificationAction","decl":{"start":{"line":276,"column":15},"end":{"line":276,"column":39}},"loc":{"start":{"line":276,"column":74},"end":{"line":315,"column":1}},"line":276},"36":{"name":"showReplyPopup","decl":{"start":{"line":318,"column":9},"end":{"line":318,"column":23}},"loc":{"start":{"line":318,"column":50},"end":{"line":331,"column":1}},"line":318},"37":{"name":"handleConversationalReply","decl":{"start":{"line":334,"column":15},"end":{"line":334,"column":40}},"loc":{"start":{"line":334,"column":60},"end":{"line":404,"column":1}},"line":334},"38":{"name":"showNotification","decl":{"start":{"line":407,"column":9},"end":{"line":407,"column":25}},"loc":{"start":{"line":407,"column":56},"end":{"line":416,"column":1}},"line":407},"39":{"name":"(anonymous_39)","decl":{"start":{"line":413,"column":25},"end":{"line":413,"column":26}},"loc":{"start":{"line":413,"column":36},"end":{"line":413,"column":53}},"line":413},"40":{"name":"handleApiRequest","decl":{"start":{"line":419,"column":15},"end":{"line":419,"column":31}},"loc":{"start":{"line":419,"column":92},"end":{"line":453,"column":1}},"line":419},"41":{"name":"getServerUrl","decl":{"start":{"line":456,"column":15},"end":{"line":456,"column":27}},"loc":{"start":{"line":456,"column":30},"end":{"line":462,"column":1}},"line":456},"42":{"name":"(anonymous_42)","decl":{"start":{"line":457,"column":21},"end":{"line":457,"column":22}},"loc":{"start":{"line":457,"column":34},"end":{"line":461,"column":3}},"line":457},"43":{"name":"(anonymous_43)","decl":{"start":{"line":458,"column":42},"end":{"line":458,"column":43}},"loc":{"start":{"line":458,"column":54},"end":{"line":460,"column":5}},"line":458},"44":{"name":"initiateLogin","decl":{"start":{"line":467,"column":15},"end":{"line":467,"column":28}},"loc":{"start":{"line":467,"column":31},"end":{"line":486,"column":1}},"line":467},"45":{"name":"logout","decl":{"start":{"line":489,"column":15},"end":{"line":489,"column":21}},"loc":{"start":{"line":489,"column":24},"end":{"line":508,"column":1}},"line":489},"46":{"name":"checkAuthStatus","decl":{"start":{"line":511,"column":15},"end":{"line":511,"column":30}},"loc":{"start":{"line":511,"column":33},"end":{"line":538,"column":1}},"line":511},"47":{"name":"refreshAuth","decl":{"start":{"line":541,"column":15},"end":{"line":541,"column":26}},"loc":{"start":{"line":541,"column":29},"end":{"line":562,"column":1}},"line":541},"48":{"name":"(anonymous_48)","decl":{"start":{"line":565,"column":23},"end":{"line":565,"column":24}},"loc":{"start":{"line":565,"column":33},"end":{"line":567,"column":1}},"line":565},"49":{"name":"loadServerSettings","decl":{"start":{"line":572,"column":15},"end":{"line":572,"column":33}},"loc":{"start":{"line":572,"column":36},"end":{"line":588,"column":1}},"line":572}},"branchMap":{"0":{"loc":{"start":{"line":46,"column":2},"end":{"line":51,"column":3}},"type":"if","locations":[{"start":{"line":46,"column":2},"end":{"line":51,"column":3}},{"start":{},"end":{}}],"line":46},"1":{"loc":{"start":{"line":53,"column":2},"end":{"line":57,"column":3}},"type":"if","locations":[{"start":{"line":53,"column":2},"end":{"line":57,"column":3}},{"start":{},"end":{}}],"line":53},"2":{"loc":{"start":{"line":59,"column":2},"end":{"line":64,"column":3}},"type":"if","locations":[{"start":{"line":59,"column":2},"end":{"line":64,"column":3}},{"start":{},"end":{}}],"line":59},"3":{"loc":{"start":{"line":66,"column":2},"end":{"line":71,"column":3}},"type":"if","locations":[{"start":{"line":66,"column":2},"end":{"line":71,"column":3}},{"start":{},"end":{}}],"line":66},"4":{"loc":{"start":{"line":73,"column":2},"end":{"line":78,"column":3}},"type":"if","locations":[{"start":{"line":73,"column":2},"end":{"line":78,"column":3}},{"start":{},"end":{}}],"line":73},"5":{"loc":{"start":{"line":80,"column":2},"end":{"line":85,"column":3}},"type":"if","locations":[{"start":{"line":80,"column":2},"end":{"line":85,"column":3}},{"start":{},"end":{}}],"line":80},"6":{"loc":{"start":{"line":87,"column":2},"end":{"line":92,"column":3}},"type":"if","locations":[{"start":{"line":87,"column":2},"end":{"line":92,"column":3}},{"start":{},"end":{}}],"line":87},"7":{"loc":{"start":{"line":94,"column":2},"end":{"line":99,"column":3}},"type":"if","locations":[{"start":{"line":94,"column":2},"end":{"line":99,"column":3}},{"start":{},"end":{}}],"line":94},"8":{"loc":{"start":{"line":101,"column":2},"end":{"line":109,"column":3}},"type":"if","locations":[{"start":{"line":101,"column":2},"end":{"line":109,"column":3}},{"start":{},"end":{}}],"line":101},"9":{"loc":{"start":{"line":111,"column":2},"end":{"line":120,"column":3}},"type":"if","locations":[{"start":{"line":111,"column":2},"end":{"line":120,"column":3}},{"start":{},"end":{}}],"line":111},"10":{"loc":{"start":{"line":122,"column":2},"end":{"line":127,"column":3}},"type":"if","locations":[{"start":{"line":122,"column":2},"end":{"line":127,"column":3}},{"start":{},"end":{}}],"line":122},"11":{"loc":{"start":{"line":124,"column":42},"end":{"line":124,"column":72}},"type":"binary-expr","locations":[{"start":{"line":124,"column":42},"end":{"line":124,"column":64}},{"start":{"line":124,"column":68},"end":{"line":124,"column":72}}],"line":124},"12":{"loc":{"start":{"line":138,"column":4},"end":{"line":140,"column":5}},"type":"if","locations":[{"start":{"line":138,"column":4},"end":{"line":140,"column":5}},{"start":{},"end":{}}],"line":138},"13":{"loc":{"start":{"line":157,"column":4},"end":{"line":160,"column":5}},"type":"if","locations":[{"start":{"line":157,"column":4},"end":{"line":160,"column":5}},{"start":{},"end":{}}],"line":157},"14":{"loc":{"start":{"line":169,"column":4},"end":{"line":172,"column":5}},"type":"if","locations":[{"start":{"line":169,"column":4},"end":{"line":172,"column":5}},{"start":{},"end":{}}],"line":169},"15":{"loc":{"start":{"line":182,"column":4},"end":{"line":194,"column":5}},"type":"if","locations":[{"start":{"line":182,"column":4},"end":{"line":194,"column":5}},{"start":{"line":192,"column":11},"end":{"line":194,"column":5}}],"line":182},"16":{"loc":{"start":{"line":182,"column":8},"end":{"line":182,"column":55}},"type":"binary-expr","locations":[{"start":{"line":182,"column":8},"end":{"line":182,"column":24}},{"start":{"line":182,"column":28},"end":{"line":182,"column":55}}],"line":182},"17":{"loc":{"start":{"line":189,"column":6},"end":{"line":191,"column":7}},"type":"if","locations":[{"start":{"line":189,"column":6},"end":{"line":191,"column":7}},{"start":{},"end":{}}],"line":189},"18":{"loc":{"start":{"line":205,"column":2},"end":{"line":208,"column":3}},"type":"if","locations":[{"start":{"line":205,"column":2},"end":{"line":208,"column":3}},{"start":{},"end":{}}],"line":205},"19":{"loc":{"start":{"line":228,"column":2},"end":{"line":230,"column":3}},"type":"if","locations":[{"start":{"line":228,"column":2},"end":{"line":230,"column":3}},{"start":{},"end":{}}],"line":228},"20":{"loc":{"start":{"line":238,"column":2},"end":{"line":240,"column":3}},"type":"if","locations":[{"start":{"line":238,"column":2},"end":{"line":240,"column":3}},{"start":{},"end":{}}],"line":238},"21":{"loc":{"start":{"line":258,"column":4},"end":{"line":271,"column":5}},"type":"if","locations":[{"start":{"line":258,"column":4},"end":{"line":271,"column":5}},{"start":{},"end":{}}],"line":258},"22":{"loc":{"start":{"line":280,"column":4},"end":{"line":305,"column":5}},"type":"switch","locations":[{"start":{"line":281,"column":6},"end":{"line":284,"column":14}},{"start":{"line":286,"column":6},"end":{"line":292,"column":14}},{"start":{"line":294,"column":6},"end":{"line":299,"column":14}},{"start":{"line":301,"column":6},"end":{"line":304,"column":41}}],"line":280},"23":{"loc":{"start":{"line":345,"column":19},"end":{"line":345,"column":45}},"type":"binary-expr","locations":[{"start":{"line":345,"column":19},"end":{"line":345,"column":32}},{"start":{"line":345,"column":36},"end":{"line":345,"column":45}}],"line":345},"24":{"loc":{"start":{"line":351,"column":4},"end":{"line":380,"column":5}},"type":"switch","locations":[{"start":{"line":352,"column":6},"end":{"line":355,"column":14}},{"start":{"line":357,"column":6},"end":{"line":360,"column":14}},{"start":{"line":362,"column":6},"end":{"line":365,"column":14}},{"start":{"line":367,"column":6},"end":{"line":375,"column":14}},{"start":{"line":377,"column":6},"end":{"line":379,"column":79}}],"line":351},"25":{"loc":{"start":{"line":359,"column":67},"end":{"line":359,"column":83}},"type":"binary-expr","locations":[{"start":{"line":359,"column":67},"end":{"line":359,"column":78}},{"start":{"line":359,"column":82},"end":{"line":359,"column":83}}],"line":359},"26":{"loc":{"start":{"line":407,"column":42},"end":{"line":407,"column":54}},"type":"default-arg","locations":[{"start":{"line":407,"column":52},"end":{"line":407,"column":54}}],"line":407},"27":{"loc":{"start":{"line":419,"column":42},"end":{"line":419,"column":56}},"type":"default-arg","locations":[{"start":{"line":419,"column":51},"end":{"line":419,"column":56}}],"line":419},"28":{"loc":{"start":{"line":419,"column":58},"end":{"line":419,"column":69}},"type":"default-arg","locations":[{"start":{"line":419,"column":65},"end":{"line":419,"column":69}}],"line":419},"29":{"loc":{"start":{"line":419,"column":71},"end":{"line":419,"column":90}},"type":"default-arg","locations":[{"start":{"line":419,"column":86},"end":{"line":419,"column":90}}],"line":419},"30":{"loc":{"start":{"line":431,"column":2},"end":{"line":433,"column":3}},"type":"if","locations":[{"start":{"line":431,"column":2},"end":{"line":433,"column":3}},{"start":{},"end":{}}],"line":431},"31":{"loc":{"start":{"line":431,"column":6},"end":{"line":431,"column":53}},"type":"binary-expr","locations":[{"start":{"line":431,"column":6},"end":{"line":431,"column":10}},{"start":{"line":431,"column":15},"end":{"line":431,"column":32}},{"start":{"line":431,"column":36},"end":{"line":431,"column":52}}],"line":431},"32":{"loc":{"start":{"line":437,"column":4},"end":{"line":447,"column":5}},"type":"if","locations":[{"start":{"line":437,"column":4},"end":{"line":447,"column":5}},{"start":{},"end":{}}],"line":437},"33":{"loc":{"start":{"line":439,"column":6},"end":{"line":445,"column":7}},"type":"if","locations":[{"start":{"line":439,"column":6},"end":{"line":445,"column":7}},{"start":{},"end":{}}],"line":439},"34":{"loc":{"start":{"line":439,"column":10},"end":{"line":439,"column":49}},"type":"binary-expr","locations":[{"start":{"line":439,"column":10},"end":{"line":439,"column":22}},{"start":{"line":439,"column":26},"end":{"line":439,"column":49}}],"line":439},"35":{"loc":{"start":{"line":441,"column":8},"end":{"line":444,"column":9}},"type":"if","locations":[{"start":{"line":441,"column":8},"end":{"line":444,"column":9}},{"start":{},"end":{}}],"line":441},"36":{"loc":{"start":{"line":459,"column":14},"end":{"line":459,"column":46}},"type":"binary-expr","locations":[{"start":{"line":459,"column":14},"end":{"line":459,"column":30}},{"start":{"line":459,"column":34},"end":{"line":459,"column":46}}],"line":459},"37":{"loc":{"start":{"line":522,"column":4},"end":{"line":524,"column":5}},"type":"if","locations":[{"start":{"line":522,"column":4},"end":{"line":524,"column":5}},{"start":{},"end":{}}],"line":522},"38":{"loc":{"start":{"line":552,"column":4},"end":{"line":554,"column":5}},"type":"if","locations":[{"start":{"line":552,"column":4},"end":{"line":554,"column":5}},{"start":{},"end":{}}],"line":552},"39":{"loc":{"start":{"line":566,"column":38},"end":{"line":566,"column":98}},"type":"cond-expr","locations":[{"start":{"line":566,"column":61},"end":{"line":566,"column":76}},{"start":{"line":566,"column":79},"end":{"line":566,"column":98}}],"line":566},"40":{"loc":{"start":{"line":577,"column":4},"end":{"line":584,"column":5}},"type":"if","locations":[{"start":{"line":577,"column":4},"end":{"line":584,"column":5}},{"start":{},"end":{}}],"line":577},"41":{"loc":{"start":{"line":577,"column":8},"end":{"line":577,"column":37}},"type":"binary-expr","locations":[{"start":{"line":577,"column":8},"end":{"line":577,"column":16}},{"start":{"line":577,"column":20},"end":{"line":577,"column":37}}],"line":577}},"s":{"0":0,"1":0,"2":0,"3":0,"4":0,"5":0,"6":0,"7":0,"8":0,"9":0,"10":0,"11":0,"12":0,"13":0,"14":0,"15":0,"16":0,"17":0,"18":0,"19":0,"20":0,"21":0,"22":0,"23":0,"24":0,"25":0,"26":0,"27":0,"28":0,"29":0,"30":0,"31":0,"32":0,"33":0,"34":0,"35":0,"36":0,"37":0,"38":0,"39":0,"40":0,"41":0,"42":0,"43":0,"44":0,"45":0,"46":0,"47":0,"48":0,"49":0,"50":0,"51":0,"52":0,"53":0,"54":0,"55":0,"56":0,"57":0,"58":0,"59":0,"60":0,"61":0,"62":0,"63":0,"64":0,"65":0,"66":0,"67":0,"68":0,"69":0,"70":0,"71":0,"72":0,"73":0,"74":0,"75":0,"76":0,"77":0,"78":0,"79":0,"80":0,"81":0,"82":0,"83":0,"84":0,"85":0,"86":0,"87":0,"88":0,"89":0,"90":0,"91":0,"92":0,"93":0,"94":0,"95":0,"96":0,"97":0,"98":0,"99":0,"100":0,"101":0,"102":0,"103":0,"104":0,"105":0,"106":0,"107":0,"108":0,"109":0,"110":0,"111":0,"112":0,"113":0,"114":0,"115":0,"116":0,"117":0,"118":0,"119":0,"120":0,"121":0,"122":0,"123":0,"124":0,"125":0,"126":0,"127":0,"128":0,"129":0,"130":0,"131":0,"132":0,"133":0,"134":0,"135":0,"136":0,"137":0,"138":0,"139":0,"140":0,"141":0,"142":0,"143":0,"144":0,"145":0,"146":0,"147":0,"148":0,"149":0,"150":0,"151":0,"152":0,"153":0,"154":0,"155":0,"156":0,"157":0,"158":0,"159":0,"160":0,"161":0,"162":0,"163":0,"164":0,"165":0,"166":0,"167":0,"168":0,"169":0,"170":0,"171":0,"172":0,"173":0,"174":0,"175":0,"176":0,"177":0,"178":0,"179":0,"180":0,"181":0,"182":0,"183":0,"184":0,"185":0,"186":0,"187":0,"188":0,"189":0,"190":0,"191":0,"192":0,"193":0,"194":0,"195":0,"196":0,"197":0,"198":0,"199":0,"200":0,"201":0,"202":0,"203":0,"204":0,"205":0,"206":0,"207":0,"208":0,"209":0,"210":0,"211":0,"212":0,"213":0,"214":0,"215":0,"216":0,"217":0,"218":0,"219":0,"220":0,"221":0,"222":0,"223":0,"224":0,"225":0,"226":0,"227":0,"228":0,"229":0,"230":0,"231":0,"232":0,"233":0,"234":0,"235":0,"236":0,"237":0,"238":0,"239":0,"240":0,"241":0},"f":{"0":0,"1":0,"2":0,"3":0,"4":0,"5":0,"6":0,"7":0,"8":0,"9":0,"10":0,"11":0,"12":0,"13":0,"14":0,"15":0,"16":0,"17":0,"18":0,"19":0,"20":0,"21":0,"22":0,"23":0,"24":0,"25":0,"26":0,"27":0,"28":0,"29":0,"30":0,"31":0,"32":0,"33":0,"34":0,"35":0,"36":0,"37":0,"38":0,"39":0,"40":0,"41":0,"42":0,"43":0,"44":0,"45":0,"46":0,"47":0,"48":0,"49":0},"b":{"0":[0,0],"1":[0,0],"2":[0,0],"3":[0,0],"4":[0,0],"5":[0,0],"6":[0,0],"7":[0,0],"8":[0,0],"9":[0,0],"10":[0,0],"11":[0,0],"12":[0,0],"13":[0,0],"14":[0,0],"15":[0,0],"16":[0,0],"17":[0,0],"18":[0,0],"19":[0,0],"20":[0,0],"21":[0,0],"22":[0,0,0,0],"23":[0,0],"24":[0,0,0,0,0],"25":[0,0],"26":[0],"27":[0],"28":[0],"29":[0],"30":[0,0],"31":[0,0,0],"32":[0,0],"33":[0,0],"34":[0,0],"35":[0,0],"36":[0,0],"37":[0,0],"38":[0,0],"39":[0,0],"40":[0,0],"41":[0,0]}}
,"C:\\Users\\andrechw\\OneDrive - hutchison3hk\\Documents\\jira-action-items-chatbot\\extension\\content\\contentScript.js": {"path":"C:\\Users\\andrechw\\OneDrive - hutchison3hk\\Documents\\jira-action-items-chatbot\\extension\\content\\contentScript.js","statementMap":{"0":{"start":{"line":7,"column":19},"end":{"line":7,"column":69}},"1":{"start":{"line":11,"column":2},"end":{"line":14,"column":3}},"2":{"start":{"line":12,"column":4},"end":{"line":12,"column":67}},"3":{"start":{"line":13,"column":4},"end":{"line":13,"column":32}},"4":{"start":{"line":17,"column":0},"end":{"line":21,"column":1}},"5":{"start":{"line":18,"column":2},"end":{"line":18,"column":54}},"6":{"start":{"line":20,"column":2},"end":{"line":20,"column":9}},"7":{"start":{"line":26,"column":19},"end":{"line":26,"column":36}},"8":{"start":{"line":27,"column":2},"end":{"line":37,"column":3}},"9":{"start":{"line":29,"column":4},"end":{"line":36,"column":7}},"10":{"start":{"line":40,"column":2},"end":{"line":40,"column":21}},"11":{"start":{"line":46,"column":19},"end":{"line":46,"column":59}},"12":{"start":{"line":47,"column":2},"end":{"line":47,"column":35}},"13":{"start":{"line":47,"column":16},"end":{"line":47,"column":35}},"14":{"start":{"line":50,"column":21},"end":{"line":50,"column":55}},"15":{"start":{"line":51,"column":2},"end":{"line":51,"column":39}},"16":{"start":{"line":51,"column":18},"end":{"line":51,"column":39}},"17":{"start":{"line":54,"column":27},"end":{"line":54,"column":72}},"18":{"start":{"line":55,"column":2},"end":{"line":57,"column":3}},"19":{"start":{"line":56,"column":4},"end":{"line":56,"column":62}},"20":{"start":{"line":59,"column":2},"end":{"line":59,"column":14}},"21":{"start":{"line":65,"column":2},"end":{"line":65,"column":66}},"22":{"start":{"line":65,"column":59},"end":{"line":65,"column":66}},"23":{"start":{"line":68,"column":17},"end":{"line":68,"column":49}},"24":{"start":{"line":69,"column":2},"end":{"line":69,"column":41}},"25":{"start":{"line":70,"column":2},"end":{"line":70,"column":36}},"26":{"start":{"line":71,"column":2},"end":{"line":84,"column":4}},"27":{"start":{"line":87,"column":2},"end":{"line":89,"column":5}},"28":{"start":{"line":88,"column":4},"end":{"line":88,"column":55}},"29":{"start":{"line":92,"column":2},"end":{"line":92,"column":36}},"30":{"start":{"line":96,"column":0},"end":{"line":107,"column":3}},"31":{"start":{"line":97,"column":2},"end":{"line":106,"column":3}},"32":{"start":{"line":98,"column":21},"end":{"line":98,"column":38}},"33":{"start":{"line":99,"column":4},"end":{"line":104,"column":7}},"34":{"start":{"line":105,"column":4},"end":{"line":105,"column":16}}},"fnMap":{"0":{"name":"boot","decl":{"start":{"line":10,"column":9},"end":{"line":10,"column":13}},"loc":{"start":{"line":10,"column":16},"end":{"line":15,"column":1}},"line":10},"1":{"name":"initializeJiraIntegration","decl":{"start":{"line":24,"column":9},"end":{"line":24,"column":34}},"loc":{"start":{"line":24,"column":37},"end":{"line":41,"column":1}},"line":24},"2":{"name":"extractIssueKey","decl":{"start":{"line":44,"column":9},"end":{"line":44,"column":24}},"loc":{"start":{"line":44,"column":27},"end":{"line":60,"column":1}},"line":44},"3":{"name":"addSidebarButton","decl":{"start":{"line":63,"column":9},"end":{"line":63,"column":25}},"loc":{"start":{"line":63,"column":28},"end":{"line":93,"column":1}},"line":63},"4":{"name":"(anonymous_4)","decl":{"start":{"line":87,"column":35},"end":{"line":87,"column":36}},"loc":{"start":{"line":87,"column":41},"end":{"line":89,"column":3}},"line":87},"5":{"name":"(anonymous_5)","decl":{"start":{"line":96,"column":37},"end":{"line":96,"column":38}},"loc":{"start":{"line":96,"column":72},"end":{"line":107,"column":1}},"line":96}},"branchMap":{"0":{"loc":{"start":{"line":11,"column":2},"end":{"line":14,"column":3}},"type":"if","locations":[{"start":{"line":11,"column":2},"end":{"line":14,"column":3}},{"start":{},"end":{}}],"line":11},"1":{"loc":{"start":{"line":17,"column":0},"end":{"line":21,"column":1}},"type":"if","locations":[{"start":{"line":17,"column":0},"end":{"line":21,"column":1}},{"start":{"line":19,"column":7},"end":{"line":21,"column":1}}],"line":17},"2":{"loc":{"start":{"line":27,"column":2},"end":{"line":37,"column":3}},"type":"if","locations":[{"start":{"line":27,"column":2},"end":{"line":37,"column":3}},{"start":{},"end":{}}],"line":27},"3":{"loc":{"start":{"line":47,"column":2},"end":{"line":47,"column":35}},"type":"if","locations":[{"start":{"line":47,"column":2},"end":{"line":47,"column":35}},{"start":{},"end":{}}],"line":47},"4":{"loc":{"start":{"line":51,"column":2},"end":{"line":51,"column":39}},"type":"if","locations":[{"start":{"line":51,"column":2},"end":{"line":51,"column":39}},{"start":{},"end":{}}],"line":51},"5":{"loc":{"start":{"line":55,"column":2},"end":{"line":57,"column":3}},"type":"if","locations":[{"start":{"line":55,"column":2},"end":{"line":57,"column":3}},{"start":{},"end":{}}],"line":55},"6":{"loc":{"start":{"line":65,"column":2},"end":{"line":65,"column":66}},"type":"if","locations":[{"start":{"line":65,"column":2},"end":{"line":65,"column":66}},{"start":{},"end":{}}],"line":65},"7":{"loc":{"start":{"line":97,"column":2},"end":{"line":106,"column":3}},"type":"if","locations":[{"start":{"line":97,"column":2},"end":{"line":106,"column":3}},{"start":{},"end":{}}],"line":97}},"s":{"0":0,"1":0,"2":0,"3":0,"4":0,"5":0,"6":0,"7":0,"8":0,"9":0,"10":0,"11":0,"12":0,"13":0,"14":0,"15":0,"16":0,"17":0,"18":0,"19":0,"20":0,"21":0,"22":0,"23":0,"24":0,"25":0,"26":0,"27":0,"28":0,"29":0,"30":0,"31":0,"32":0,"33":0,"34":0},"f":{"0":0,"1":0,"2":0,"3":0,"4":0,"5":0},"b":{"0":[0,0],"1":[0,0],"2":[0,0],"3":[0,0],"4":[0,0],"5":[0,0],"6":[0,0],"7":[0,0]}}
,"C:\\Users\\andrechw\\OneDrive - hutchison3hk\\Documents\\jira-action-items-chatbot\\extension\\popup\\popup.js": {"path":"C:\\Users\\andrechw\\OneDrive - hutchison3hk\\Documents\\jira-action-items-chatbot\\extension\\popup\\popup.js","statementMap":{"0":{"start":{"line":2,"column":2},"end":{"line":10,"column":5}},"1":{"start":{"line":3,"column":4},"end":{"line":9,"column":7}},"2":{"start":{"line":4,"column":6},"end":{"line":7,"column":7}},"3":{"start":{"line":5,"column":8},"end":{"line":5,"column":60}},"4":{"start":{"line":6,"column":8},"end":{"line":6,"column":15}},"5":{"start":{"line":8,"column":6},"end":{"line":8,"column":24}},"6":{"start":{"line":14,"column":17},"end":{"line":14,"column":50}},"7":{"start":{"line":15,"column":2},"end":{"line":15,"column":96}},"8":{"start":{"line":19,"column":21},"end":{"line":19,"column":59}},"9":{"start":{"line":20,"column":2},"end":{"line":26,"column":3}},"10":{"start":{"line":21,"column":21},"end":{"line":21,"column":63}},"11":{"start":{"line":22,"column":26},"end":{"line":22,"column":55}},"12":{"start":{"line":23,"column":4},"end":{"line":23,"column":83}},"13":{"start":{"line":25,"column":4},"end":{"line":25,"column":67}},"14":{"start":{"line":30,"column":2},"end":{"line":40,"column":3}},"15":{"start":{"line":31,"column":21},"end":{"line":31,"column":73}},"16":{"start":{"line":32,"column":24},"end":{"line":32,"column":63}},"17":{"start":{"line":33,"column":4},"end":{"line":36,"column":5}},"18":{"start":{"line":34,"column":6},"end":{"line":34,"column":69}},"19":{"start":{"line":35,"column":6},"end":{"line":35,"column":13}},"20":{"start":{"line":37,"column":4},"end":{"line":37,"column":69}},"21":{"start":{"line":39,"column":4},"end":{"line":39,"column":58}},"22":{"start":{"line":44,"column":19},"end":{"line":44,"column":60}},"23":{"start":{"line":45,"column":2},"end":{"line":45,"column":22}},"24":{"start":{"line":46,"column":2},"end":{"line":46,"column":28}},"25":{"start":{"line":50,"column":19},"end":{"line":50,"column":61}},"26":{"start":{"line":51,"column":2},"end":{"line":51,"column":22}},"27":{"start":{"line":52,"column":2},"end":{"line":52,"column":28}},"28":{"start":{"line":56,"column":19},"end":{"line":56,"column":65}},"29":{"start":{"line":57,"column":2},"end":{"line":57,"column":22}},"30":{"start":{"line":61,"column":17},"end":{"line":61,"column":56}},"31":{"start":{"line":62,"column":2},"end":{"line":64,"column":3}},"32":{"start":{"line":63,"column":4},"end":{"line":63,"column":16}},"33":{"start":{"line":66,"column":22},"end":{"line":66,"column":69}},"34":{"start":{"line":67,"column":2},"end":{"line":69,"column":3}},"35":{"start":{"line":68,"column":4},"end":{"line":68,"column":16}},"36":{"start":{"line":71,"column":2},"end":{"line":71,"column":33}},"37":{"start":{"line":75,"column":19},"end":{"line":75,"column":67}},"38":{"start":{"line":76,"column":17},"end":{"line":76,"column":56}},"39":{"start":{"line":78,"column":2},"end":{"line":80,"column":3}},"40":{"start":{"line":79,"column":4},"end":{"line":79,"column":50}},"41":{"start":{"line":82,"column":15},"end":{"line":82,"column":29}},"42":{"start":{"line":83,"column":19},"end":{"line":88,"column":4}},"43":{"start":{"line":89,"column":2},"end":{"line":89,"column":22}},"44":{"start":{"line":93,"column":2},"end":{"line":99,"column":5}},"45":{"start":{"line":94,"column":4},"end":{"line":98,"column":5}},"46":{"start":{"line":95,"column":6},"end":{"line":95,"column":20}},"47":{"start":{"line":97,"column":6},"end":{"line":97,"column":50}},"48":{"start":{"line":101,"column":2},"end":{"line":107,"column":5}},"49":{"start":{"line":102,"column":4},"end":{"line":106,"column":5}},"50":{"start":{"line":103,"column":6},"end":{"line":103,"column":21}},"51":{"start":{"line":105,"column":6},"end":{"line":105,"column":51}},"52":{"start":{"line":109,"column":2},"end":{"line":115,"column":5}},"53":{"start":{"line":110,"column":4},"end":{"line":114,"column":5}},"54":{"start":{"line":111,"column":6},"end":{"line":111,"column":29}},"55":{"start":{"line":113,"column":6},"end":{"line":113,"column":59}},"56":{"start":{"line":117,"column":2},"end":{"line":123,"column":5}},"57":{"start":{"line":118,"column":4},"end":{"line":122,"column":5}},"58":{"start":{"line":119,"column":6},"end":{"line":119,"column":29}},"59":{"start":{"line":121,"column":6},"end":{"line":121,"column":52}},"60":{"start":{"line":126,"column":0},"end":{"line":130,"column":5}},"61":{"start":{"line":127,"column":2},"end":{"line":127,"column":19}},"62":{"start":{"line":128,"column":2},"end":{"line":128,"column":28}},"63":{"start":{"line":129,"column":2},"end":{"line":129,"column":26}}},"fnMap":{"0":{"name":"sendMessage","decl":{"start":{"line":1,"column":9},"end":{"line":1,"column":20}},"loc":{"start":{"line":1,"column":30},"end":{"line":11,"column":1}},"line":1},"1":{"name":"(anonymous_1)","decl":{"start":{"line":2,"column":21},"end":{"line":2,"column":22}},"loc":{"start":{"line":2,"column":42},"end":{"line":10,"column":3}},"line":2},"2":{"name":"(anonymous_2)","decl":{"start":{"line":3,"column":40},"end":{"line":3,"column":41}},"loc":{"start":{"line":3,"column":54},"end":{"line":9,"column":5}},"line":3},"3":{"name":"setResult","decl":{"start":{"line":13,"column":9},"end":{"line":13,"column":18}},"loc":{"start":{"line":13,"column":28},"end":{"line":16,"column":1}},"line":13},"4":{"name":"refreshAuthStatus","decl":{"start":{"line":18,"column":15},"end":{"line":18,"column":32}},"loc":{"start":{"line":18,"column":35},"end":{"line":27,"column":1}},"line":18},"5":{"name":"loadJiraContext","decl":{"start":{"line":29,"column":15},"end":{"line":29,"column":30}},"loc":{"start":{"line":29,"column":33},"end":{"line":41,"column":1}},"line":29},"6":{"name":"login","decl":{"start":{"line":43,"column":15},"end":{"line":43,"column":20}},"loc":{"start":{"line":43,"column":23},"end":{"line":47,"column":1}},"line":43},"7":{"name":"logout","decl":{"start":{"line":49,"column":15},"end":{"line":49,"column":21}},"loc":{"start":{"line":49,"column":24},"end":{"line":53,"column":1}},"line":49},"8":{"name":"checkReminders","decl":{"start":{"line":55,"column":15},"end":{"line":55,"column":29}},"loc":{"start":{"line":55,"column":32},"end":{"line":58,"column":1}},"line":55},"9":{"name":"parsePayload","decl":{"start":{"line":60,"column":9},"end":{"line":60,"column":21}},"loc":{"start":{"line":60,"column":24},"end":{"line":72,"column":1}},"line":60},"10":{"name":"sendApiRequest","decl":{"start":{"line":74,"column":15},"end":{"line":74,"column":29}},"loc":{"start":{"line":74,"column":32},"end":{"line":90,"column":1}},"line":74},"11":{"name":"attachHandlers","decl":{"start":{"line":92,"column":9},"end":{"line":92,"column":23}},"loc":{"start":{"line":92,"column":26},"end":{"line":124,"column":1}},"line":92},"12":{"name":"(anonymous_12)","decl":{"start":{"line":93,"column":65},"end":{"line":93,"column":66}},"loc":{"start":{"line":93,"column":77},"end":{"line":99,"column":3}},"line":93},"13":{"name":"(anonymous_13)","decl":{"start":{"line":101,"column":66},"end":{"line":101,"column":67}},"loc":{"start":{"line":101,"column":78},"end":{"line":107,"column":3}},"line":101},"14":{"name":"(anonymous_14)","decl":{"start":{"line":109,"column":75},"end":{"line":109,"column":76}},"loc":{"start":{"line":109,"column":87},"end":{"line":115,"column":3}},"line":109},"15":{"name":"(anonymous_15)","decl":{"start":{"line":117,"column":72},"end":{"line":117,"column":73}},"loc":{"start":{"line":117,"column":84},"end":{"line":123,"column":3}},"line":117},"16":{"name":"init","decl":{"start":{"line":126,"column":16},"end":{"line":126,"column":20}},"loc":{"start":{"line":126,"column":23},"end":{"line":130,"column":1}},"line":126}},"branchMap":{"0":{"loc":{"start":{"line":4,"column":6},"end":{"line":7,"column":7}},"type":"if","locations":[{"start":{"line":4,"column":6},"end":{"line":7,"column":7}},{"start":{},"end":{}}],"line":4},"1":{"loc":{"start":{"line":15,"column":23},"end":{"line":15,"column":95}},"type":"cond-expr","locations":[{"start":{"line":15,"column":53},"end":{"line":15,"column":60}},{"start":{"line":15,"column":63},"end":{"line":15,"column":95}}],"line":15},"2":{"loc":{"start":{"line":23,"column":29},"end":{"line":23,"column":82}},"type":"cond-expr","locations":[{"start":{"line":23,"column":45},"end":{"line":23,"column":60}},{"start":{"line":23,"column":63},"end":{"line":23,"column":82}}],"line":23},"3":{"loc":{"start":{"line":33,"column":4},"end":{"line":36,"column":5}},"type":"if","locations":[{"start":{"line":33,"column":4},"end":{"line":36,"column":5}},{"start":{},"end":{}}],"line":33},"4":{"loc":{"start":{"line":62,"column":2},"end":{"line":64,"column":3}},"type":"if","locations":[{"start":{"line":62,"column":2},"end":{"line":64,"column":3}},{"start":{},"end":{}}],"line":62},"5":{"loc":{"start":{"line":67,"column":2},"end":{"line":69,"column":3}},"type":"if","locations":[{"start":{"line":67,"column":2},"end":{"line":69,"column":3}},{"start":{},"end":{}}],"line":67},"6":{"loc":{"start":{"line":78,"column":2},"end":{"line":80,"column":3}},"type":"if","locations":[{"start":{"line":78,"column":2},"end":{"line":80,"column":3}},{"start":{},"end":{}}],"line":78}},"s":{"0":0,"1":0,"2":0,"3":0,"4":0,"5":0,"6":0,"7":0,"8":0,"9":0,"10":0,"11":0,"12":0,"13":0,"14":0,"15":0,"16":0,"17":0,"18":0,"19":0,"20":0,"21":0,"22":0,"23":0,"24":0,"25":0,"26":0,"27":0,"28":0,"29":0,"30":0,"31":0,"32":0,"33":0,"34":0,"35":0,"36":0,"37":0,"38":0,"39":0,"40":0,"41":0,"42":0,"43":0,"44":0,"45":0,"46":0,"47":0,"48":0,"49":0,"50":0,"51":0,"52":0,"53":0,"54":0,"55":0,"56":0,"57":0,"58":0,"59":0,"60":0,"61":0,"62":0,"63":0},"f":{"0":0,"1":0,"2":0,"3":0,"4":0,"5":0,"6":0,"7":0,"8":0,"9":0,"10":0,"11":0,"12":0,"13":0,"14":0,"15":0,"16":0},"b":{"0":[0,0],"1":[0,0],"2":[0,0],"3":[0,0],"4":[0,0],"5":[0,0],"6":[0,0]}}
,"C:\\Users\\andrechw\\OneDrive - hutchison3hk\\Documents\\jira-action-items-chatbot\\extension\\popup\\reply.js": {"path":"C:\\Users\\andrechw\\OneDrive - hutchison3hk\\Documents\\jira-action-items-chatbot\\extension\\popup\\reply.js","statementMap":{"0":{"start":{"line":2,"column":2},"end":{"line":10,"column":5}},"1":{"start":{"line":3,"column":4},"end":{"line":9,"column":7}},"2":{"start":{"line":4,"column":6},"end":{"line":7,"column":7}},"3":{"start":{"line":5,"column":8},"end":{"line":5,"column":60}},"4":{"start":{"line":6,"column":8},"end":{"line":6,"column":15}},"5":{"start":{"line":8,"column":6},"end":{"line":8,"column":24}},"6":{"start":{"line":14,"column":14},"end":{"line":14,"column":43}},"7":{"start":{"line":15,"column":2},"end":{"line":18,"column":4}},"8":{"start":{"line":22,"column":39},"end":{"line":22,"column":50}},"9":{"start":{"line":23,"column":22},"end":{"line":23,"column":61}},"10":{"start":{"line":24,"column":18},"end":{"line":24,"column":71}},"11":{"start":{"line":26,"column":2},"end":{"line":29,"column":3}},"12":{"start":{"line":27,"column":4},"end":{"line":27,"column":54}},"13":{"start":{"line":28,"column":4},"end":{"line":28,"column":11}},"14":{"start":{"line":31,"column":2},"end":{"line":34,"column":3}},"15":{"start":{"line":32,"column":4},"end":{"line":32,"column":60}},"16":{"start":{"line":33,"column":4},"end":{"line":33,"column":11}},"17":{"start":{"line":36,"column":2},"end":{"line":54,"column":3}},"18":{"start":{"line":37,"column":21},"end":{"line":41,"column":6}},"19":{"start":{"line":43,"column":4},"end":{"line":45,"column":5}},"20":{"start":{"line":44,"column":6},"end":{"line":44,"column":80}},"21":{"start":{"line":47,"column":4},"end":{"line":49,"column":5}},"22":{"start":{"line":48,"column":6},"end":{"line":48,"column":49}},"23":{"start":{"line":51,"column":4},"end":{"line":51,"column":84}},"24":{"start":{"line":53,"column":4},"end":{"line":53,"column":71}},"25":{"start":{"line":58,"column":23},"end":{"line":58,"column":34}},"26":{"start":{"line":59,"column":2},"end":{"line":59,"column":89}},"27":{"start":{"line":60,"column":2},"end":{"line":60,"column":81}},"28":{"start":{"line":63,"column":0},"end":{"line":63,"column":7}}},"fnMap":{"0":{"name":"sendMessage","decl":{"start":{"line":1,"column":9},"end":{"line":1,"column":20}},"loc":{"start":{"line":1,"column":30},"end":{"line":11,"column":1}},"line":1},"1":{"name":"(anonymous_1)","decl":{"start":{"line":2,"column":21},"end":{"line":2,"column":22}},"loc":{"start":{"line":2,"column":42},"end":{"line":10,"column":3}},"line":2},"2":{"name":"(anonymous_2)","decl":{"start":{"line":3,"column":40},"end":{"line":3,"column":41}},"loc":{"start":{"line":3,"column":54},"end":{"line":9,"column":5}},"line":3},"3":{"name":"getParams","decl":{"start":{"line":13,"column":9},"end":{"line":13,"column":18}},"loc":{"start":{"line":13,"column":21},"end":{"line":19,"column":1}},"line":13},"4":{"name":"sendReply","decl":{"start":{"line":21,"column":15},"end":{"line":21,"column":24}},"loc":{"start":{"line":21,"column":27},"end":{"line":55,"column":1}},"line":21},"5":{"name":"init","decl":{"start":{"line":57,"column":9},"end":{"line":57,"column":13}},"loc":{"start":{"line":57,"column":16},"end":{"line":61,"column":1}},"line":57}},"branchMap":{"0":{"loc":{"start":{"line":4,"column":6},"end":{"line":7,"column":7}},"type":"if","locations":[{"start":{"line":4,"column":6},"end":{"line":7,"column":7}},{"start":{},"end":{}}],"line":4},"1":{"loc":{"start":{"line":16,"column":20},"end":{"line":16,"column":52}},"type":"binary-expr","locations":[{"start":{"line":16,"column":20},"end":{"line":16,"column":46}},{"start":{"line":16,"column":50},"end":{"line":16,"column":52}}],"line":16},"2":{"loc":{"start":{"line":17,"column":14},"end":{"line":17,"column":47}},"type":"binary-expr","locations":[{"start":{"line":17,"column":14},"end":{"line":17,"column":41}},{"start":{"line":17,"column":45},"end":{"line":17,"column":47}}],"line":17},"3":{"loc":{"start":{"line":26,"column":2},"end":{"line":29,"column":3}},"type":"if","locations":[{"start":{"line":26,"column":2},"end":{"line":29,"column":3}},{"start":{},"end":{}}],"line":26},"4":{"loc":{"start":{"line":31,"column":2},"end":{"line":34,"column":3}},"type":"if","locations":[{"start":{"line":31,"column":2},"end":{"line":34,"column":3}},{"start":{},"end":{}}],"line":31},"5":{"loc":{"start":{"line":43,"column":4},"end":{"line":45,"column":5}},"type":"if","locations":[{"start":{"line":43,"column":4},"end":{"line":45,"column":5}},{"start":{},"end":{}}],"line":43},"6":{"loc":{"start":{"line":44,"column":22},"end":{"line":44,"column":78}},"type":"binary-expr","locations":[{"start":{"line":44,"column":22},"end":{"line":44,"column":36}},{"start":{"line":44,"column":40},"end":{"line":44,"column":78}}],"line":44},"7":{"loc":{"start":{"line":47,"column":4},"end":{"line":49,"column":5}},"type":"if","locations":[{"start":{"line":47,"column":4},"end":{"line":49,"column":5}},{"start":{},"end":{}}],"line":47},"8":{"loc":{"start":{"line":59,"column":65},"end":{"line":59,"column":86}},"type":"binary-expr","locations":[{"start":{"line":59,"column":65},"end":{"line":59,"column":73}},{"start":{"line":59,"column":77},"end":{"line":59,"column":86}}],"line":59}},"s":{"0":0,"1":0,"2":0,"3":0,"4":0,"5":0,"6":0,"7":0,"8":0,"9":0,"10":0,"11":0,"12":0,"13":0,"14":0,"15":0,"16":0,"17":0,"18":0,"19":0,"20":0,"21":0,"22":0,"23":0,"24":0,"25":0,"26":0,"27":0,"28":0},"f":{"0":0,"1":0,"2":0,"3":0,"4":0,"5":0},"b":{"0":[0,0],"1":[0,0],"2":[0,0],"3":[0,0],"4":[0,0],"5":[0,0],"6":[0,0],"7":[0,0],"8":[0,0]}}
}
