TN:
SF:background.js
FN:20,(anonymous_0)
FN:39,(anonymous_1)
FN:45,(anonymous_2)
FN:48,(anonymous_3)
FN:49,(anonymous_4)
FN:61,(anonymous_5)
FN:62,(anonymous_6)
FN:68,(anonymous_7)
FN:69,(anonymous_8)
FN:75,(anonymous_9)
FN:76,(anonymous_10)
FN:82,(anonymous_11)
FN:83,(anonymous_12)
FN:89,(anonymous_13)
FN:90,(anonymous_14)
FN:96,(anonymous_15)
FN:97,(anonymous_16)
FN:107,(anonymous_17)
FN:118,(anonymous_18)
FN:123,(anonymous_19)
FN:131,startReminderChecks
FN:137,schedulNextCheck
FN:142,(anonymous_22)
FN:143,(anonymous_23)
FN:153,checkReminders
FN:163,(anonymous_25)
FN:164,(anonymous_26)
FN:204,processNotificationQueue
FN:219,(anonymous_28)
FN:225,showReminderNotification
FN:249,(anonymous_30)
FN:255,(anonymous_31)
FN:257,(anonymous_32)
FN:264,(anonymous_33)
FN:268,(anonymous_34)
FN:276,handleNotificationAction
FN:318,showReplyPopup
FN:334,handleConversationalReply
FN:407,showNotification
FN:413,(anonymous_39)
FN:419,handleApiRequest
FN:456,getServerUrl
FN:457,(anonymous_42)
FN:458,(anonymous_43)
FN:467,initiateLogin
FN:489,logout
FN:511,checkAuthStatus
FN:541,refreshAuth
FN:565,(anonymous_48)
FN:572,loadServerSettings
FNF:50
FNH:0
FNDA:0,(anonymous_0)
FNDA:0,(anonymous_1)
FNDA:0,(anonymous_2)
FNDA:0,(anonymous_3)
FNDA:0,(anonymous_4)
FNDA:0,(anonymous_5)
FNDA:0,(anonymous_6)
FNDA:0,(anonymous_7)
FNDA:0,(anonymous_8)
FNDA:0,(anonymous_9)
FNDA:0,(anonymous_10)
FNDA:0,(anonymous_11)
FNDA:0,(anonymous_12)
FNDA:0,(anonymous_13)
FNDA:0,(anonymous_14)
FNDA:0,(anonymous_15)
FNDA:0,(anonymous_16)
FNDA:0,(anonymous_17)
FNDA:0,(anonymous_18)
FNDA:0,(anonymous_19)
FNDA:0,startReminderChecks
FNDA:0,schedulNextCheck
FNDA:0,(anonymous_22)
FNDA:0,(anonymous_23)
FNDA:0,checkReminders
FNDA:0,(anonymous_25)
FNDA:0,(anonymous_26)
FNDA:0,processNotificationQueue
FNDA:0,(anonymous_28)
FNDA:0,showReminderNotification
FNDA:0,(anonymous_30)
FNDA:0,(anonymous_31)
FNDA:0,(anonymous_32)
FNDA:0,(anonymous_33)
FNDA:0,(anonymous_34)
FNDA:0,handleNotificationAction
FNDA:0,showReplyPopup
FNDA:0,handleConversationalReply
FNDA:0,showNotification
FNDA:0,(anonymous_39)
FNDA:0,handleApiRequest
FNDA:0,getServerUrl
FNDA:0,(anonymous_42)
FNDA:0,(anonymous_43)
FNDA:0,initiateLogin
FNDA:0,logout
FNDA:0,checkAuthStatus
FNDA:0,refreshAuth
FNDA:0,(anonymous_48)
FNDA:0,loadServerSettings
DA:7,0
DA:10,0
DA:13,0
DA:14,0
DA:15,0
DA:16,0
DA:17,0
DA:20,0
DA:21,0
DA:24,0
DA:32,0
DA:35,0
DA:39,0
DA:40,0
DA:41,0
DA:45,0
DA:46,0
DA:47,0
DA:48,0
DA:49,0
DA:50,0
DA:53,0
DA:54,0
DA:55,0
DA:56,0
DA:59,0
DA:60,0
DA:61,0
DA:62,0
DA:63,0
DA:66,0
DA:67,0
DA:68,0
DA:69,0
DA:70,0
DA:73,0
DA:74,0
DA:75,0
DA:76,0
DA:77,0
DA:80,0
DA:81,0
DA:82,0
DA:83,0
DA:84,0
DA:87,0
DA:88,0
DA:89,0
DA:90,0
DA:91,0
DA:94,0
DA:95,0
DA:96,0
DA:97,0
DA:98,0
DA:101,0
DA:102,0
DA:107,0
DA:108,0
DA:111,0
DA:112,0
DA:118,0
DA:119,0
DA:122,0
DA:123,0
DA:124,0
DA:126,0
DA:132,0
DA:134,0
DA:138,0
DA:139,0
DA:142,0
DA:143,0
DA:144,0
DA:149,0
DA:154,0
DA:156,0
DA:157,0
DA:158,0
DA:159,0
DA:163,0
DA:164,0
DA:165,0
DA:169,0
DA:170,0
DA:171,0
DA:175,0
DA:176,0
DA:179,0
DA:182,0
DA:183,0
DA:186,0
DA:189,0
DA:190,0
DA:193,0
DA:196,0
DA:198,0
DA:199,0
DA:205,0
DA:206,0
DA:207,0
DA:210,0
DA:213,0
DA:216,0
DA:219,0
DA:220,0
DA:226,0
DA:228,0
DA:229,0
DA:233,0
DA:238,0
DA:239,0
DA:243,0
DA:249,0
DA:255,0
DA:257,0
DA:258,0
DA:259,0
DA:260,0
DA:263,0
DA:266,0
DA:269,0
DA:277,0
DA:278,0
DA:280,0
DA:283,0
DA:284,0
DA:288,0
DA:292,0
DA:296,0
DA:297,0
DA:298,0
DA:299,0
DA:303,0
DA:304,0
DA:308,0
DA:310,0
DA:312,0
DA:313,0
DA:319,0
DA:320,0
DA:321,0
DA:324,0
DA:335,0
DA:336,0
DA:339,0
DA:345,0
DA:348,0
DA:349,0
DA:351,0
DA:353,0
DA:354,0
DA:355,0
DA:358,0
DA:359,0
DA:360,0
DA:363,0
DA:364,0
DA:365,0
DA:368,0
DA:369,0
DA:372,0
DA:373,0
DA:374,0
DA:375,0
DA:378,0
DA:379,0
DA:383,0
DA:390,0
DA:392,0
DA:395,0
DA:402,0
DA:408,0
DA:413,0
DA:420,0
DA:421,0
DA:423,0
DA:431,0
DA:432,0
DA:435,0
DA:436,0
DA:437,0
DA:439,0
DA:440,0
DA:441,0
DA:443,0
DA:446,0
DA:448,0
DA:450,0
DA:451,0
DA:457,0
DA:458,0
DA:459,0
DA:468,0
DA:470,0
DA:473,0
DA:475,0
DA:476,0
DA:479,0
DA:481,0
DA:483,0
DA:484,0
DA:490,0
DA:491,0
DA:492,0
DA:495,0
DA:501,0
DA:503,0
DA:505,0
DA:506,0
DA:512,0
DA:513,0
DA:514,0
DA:517,0
DA:522,0
DA:523,0
DA:526,0
DA:529,0
DA:531,0
DA:533,0
DA:535,0
DA:536,0
DA:542,0
DA:543,0
DA:544,0
DA:547,0
DA:552,0
DA:553,0
DA:556,0
DA:557,0
DA:559,0
DA:560,0
DA:565,0
DA:566,0
DA:569,0
DA:573,0
DA:574,0
DA:575,0
DA:577,0
DA:579,0
DA:583,0
DA:586,0
LF:242
LH:0
BRDA:46,0,0,0
BRDA:46,0,1,0
BRDA:53,1,0,0
BRDA:53,1,1,0
BRDA:59,2,0,0
BRDA:59,2,1,0
BRDA:66,3,0,0
BRDA:66,3,1,0
BRDA:73,4,0,0
BRDA:73,4,1,0
BRDA:80,5,0,0
BRDA:80,5,1,0
BRDA:87,6,0,0
BRDA:87,6,1,0
BRDA:94,7,0,0
BRDA:94,7,1,0
BRDA:101,8,0,0
BRDA:101,8,1,0
BRDA:111,9,0,0
BRDA:111,9,1,0
BRDA:122,10,0,0
BRDA:122,10,1,0
BRDA:124,11,0,0
BRDA:124,11,1,0
BRDA:138,12,0,0
BRDA:138,12,1,0
BRDA:157,13,0,0
BRDA:157,13,1,0
BRDA:169,14,0,0
BRDA:169,14,1,0
BRDA:182,15,0,0
BRDA:182,15,1,0
BRDA:182,16,0,0
BRDA:182,16,1,0
BRDA:189,17,0,0
BRDA:189,17,1,0
BRDA:205,18,0,0
BRDA:205,18,1,0
BRDA:228,19,0,0
BRDA:228,19,1,0
BRDA:238,20,0,0
BRDA:238,20,1,0
BRDA:258,21,0,0
BRDA:258,21,1,0
BRDA:280,22,0,0
BRDA:280,22,1,0
BRDA:280,22,2,0
BRDA:280,22,3,0
BRDA:345,23,0,0
BRDA:345,23,1,0
BRDA:351,24,0,0
BRDA:351,24,1,0
BRDA:351,24,2,0
BRDA:351,24,3,0
BRDA:351,24,4,0
BRDA:359,25,0,0
BRDA:359,25,1,0
BRDA:407,26,0,0
BRDA:419,27,0,0
BRDA:419,28,0,0
BRDA:419,29,0,0
BRDA:431,30,0,0
BRDA:431,30,1,0
BRDA:431,31,0,0
BRDA:431,31,1,0
BRDA:431,31,2,0
BRDA:437,32,0,0
BRDA:437,32,1,0
BRDA:439,33,0,0
BRDA:439,33,1,0
BRDA:439,34,0,0
BRDA:439,34,1,0
BRDA:441,35,0,0
BRDA:441,35,1,0
BRDA:459,36,0,0
BRDA:459,36,1,0
BRDA:522,37,0,0
BRDA:522,37,1,0
BRDA:552,38,0,0
BRDA:552,38,1,0
BRDA:566,39,0,0
BRDA:566,39,1,0
BRDA:577,40,0,0
BRDA:577,40,1,0
BRDA:577,41,0,0
BRDA:577,41,1,0
BRF:86
BRH:0
end_of_record
TN:
SF:content\contentScript.js
FN:10,boot
FN:24,initializeJiraIntegration
FN:44,extractIssueKey
FN:63,addSidebarButton
FN:87,(anonymous_4)
FN:96,(anonymous_5)
FNF:6
FNH:0
FNDA:0,boot
FNDA:0,initializeJiraIntegration
FNDA:0,extractIssueKey
FNDA:0,addSidebarButton
FNDA:0,(anonymous_4)
FNDA:0,(anonymous_5)
DA:7,0
DA:11,0
DA:12,0
DA:13,0
DA:17,0
DA:18,0
DA:20,0
DA:26,0
DA:27,0
DA:29,0
DA:40,0
DA:46,0
DA:47,0
DA:50,0
DA:51,0
DA:54,0
DA:55,0
DA:56,0
DA:59,0
DA:65,0
DA:68,0
DA:69,0
DA:70,0
DA:71,0
DA:87,0
DA:88,0
DA:92,0
DA:96,0
DA:97,0
DA:98,0
DA:99,0
DA:105,0
LF:32
LH:0
BRDA:11,0,0,0
BRDA:11,0,1,0
BRDA:17,1,0,0
BRDA:17,1,1,0
BRDA:27,2,0,0
BRDA:27,2,1,0
BRDA:47,3,0,0
BRDA:47,3,1,0
BRDA:51,4,0,0
BRDA:51,4,1,0
BRDA:55,5,0,0
BRDA:55,5,1,0
BRDA:65,6,0,0
BRDA:65,6,1,0
BRDA:97,7,0,0
BRDA:97,7,1,0
BRF:16
BRH:0
end_of_record
TN:
SF:popup\popup.js
FN:1,sendMessage
FN:2,(anonymous_1)
FN:3,(anonymous_2)
FN:13,setResult
FN:18,refreshAuthStatus
FN:29,loadJiraContext
FN:43,login
FN:49,logout
FN:55,checkReminders
FN:60,parsePayload
FN:74,sendApiRequest
FN:92,attachHandlers
FN:93,(anonymous_12)
FN:101,(anonymous_13)
FN:109,(anonymous_14)
FN:117,(anonymous_15)
FN:126,init
FNF:17
FNH:0
FNDA:0,sendMessage
FNDA:0,(anonymous_1)
FNDA:0,(anonymous_2)
FNDA:0,setResult
FNDA:0,refreshAuthStatus
FNDA:0,loadJiraContext
FNDA:0,login
FNDA:0,logout
FNDA:0,checkReminders
FNDA:0,parsePayload
FNDA:0,sendApiRequest
FNDA:0,attachHandlers
FNDA:0,(anonymous_12)
FNDA:0,(anonymous_13)
FNDA:0,(anonymous_14)
FNDA:0,(anonymous_15)
FNDA:0,init
DA:2,0
DA:3,0
DA:4,0
DA:5,0
DA:6,0
DA:8,0
DA:14,0
DA:15,0
DA:19,0
DA:20,0
DA:21,0
DA:22,0
DA:23,0
DA:25,0
DA:30,0
DA:31,0
DA:32,0
DA:33,0
DA:34,0
DA:35,0
DA:37,0
DA:39,0
DA:44,0
DA:45,0
DA:46,0
DA:50,0
DA:51,0
DA:52,0
DA:56,0
DA:57,0
DA:61,0
DA:62,0
DA:63,0
DA:66,0
DA:67,0
DA:68,0
DA:71,0
DA:75,0
DA:76,0
DA:78,0
DA:79,0
DA:82,0
DA:83,0
DA:89,0
DA:93,0
DA:94,0
DA:95,0
DA:97,0
DA:101,0
DA:102,0
DA:103,0
DA:105,0
DA:109,0
DA:110,0
DA:111,0
DA:113,0
DA:117,0
DA:118,0
DA:119,0
DA:121,0
DA:126,0
DA:127,0
DA:128,0
DA:129,0
LF:64
LH:0
BRDA:4,0,0,0
BRDA:4,0,1,0
BRDA:15,1,0,0
BRDA:15,1,1,0
BRDA:23,2,0,0
BRDA:23,2,1,0
BRDA:33,3,0,0
BRDA:33,3,1,0
BRDA:62,4,0,0
BRDA:62,4,1,0
BRDA:67,5,0,0
BRDA:67,5,1,0
BRDA:78,6,0,0
BRDA:78,6,1,0
BRF:14
BRH:0
end_of_record
TN:
SF:popup\reply.js
FN:1,sendMessage
FN:2,(anonymous_1)
FN:3,(anonymous_2)
FN:13,getParams
FN:21,sendReply
FN:57,init
FNF:6
FNH:0
FNDA:0,sendMessage
FNDA:0,(anonymous_1)
FNDA:0,(anonymous_2)
FNDA:0,getParams
FNDA:0,sendReply
FNDA:0,init
DA:2,0
DA:3,0
DA:4,0
DA:5,0
DA:6,0
DA:8,0
DA:14,0
DA:15,0
DA:22,0
DA:23,0
DA:24,0
DA:26,0
DA:27,0
DA:28,0
DA:31,0
DA:32,0
DA:33,0
DA:36,0
DA:37,0
DA:43,0
DA:44,0
DA:47,0
DA:48,0
DA:51,0
DA:53,0
DA:58,0
DA:59,0
DA:60,0
DA:63,0
LF:29
LH:0
BRDA:4,0,0,0
BRDA:4,0,1,0
BRDA:16,1,0,0
BRDA:16,1,1,0
BRDA:17,2,0,0
BRDA:17,2,1,0
BRDA:26,3,0,0
BRDA:26,3,1,0
BRDA:31,4,0,0
BRDA:31,4,1,0
BRDA:43,5,0,0
BRDA:43,5,1,0
BRDA:44,6,0,0
BRDA:44,6,1,0
BRDA:47,7,0,0
BRDA:47,7,1,0
BRDA:59,8,0,0
BRDA:59,8,1,0
BRF:18
BRH:0
end_of_record
